F:\WILLENCHOU\X\SRC\PLUGIN\XDB\DEBUG\CONNMYSQLPPADAPTER.OBJ
F:\WILLENCHOU\X\SRC\PLUGIN\XDB\DEBUG\CONNPOOL.OBJ
F:\WILLENCHOU\X\SRC\PLUGIN\XDB\DEBUG\DATASOURCE.OBJ
F:\WILLENCHOU\X\SRC\PLUGIN\XDB\DEBUG\DATASOURCELOADER.OBJ
F:\WILLENCHOU\X\SRC\PLUGIN\XDB\DEBUG\STATEMENTMYSQLADAPTER.OBJ
F:\WILLENCHOU\X\SRC\PLUGIN\XDB\DEBUG\XDB.OBJ
F:\WILLENCHOU\X\SRC\PLUGIN\XDB\DEBUG\XDB_IMPL.OBJ
F:\WILLENCHOU\X\SRC\PLUGIN\XDB\DEBUG\VC110.PDB
F:\WILLENCHOU\X\BIN\XDB.ILK
F:\WILLENCHOU\X\BIN\XDB.DLL
F:\WILLENCHOU\X\BIN\XDB.PDB
F:\willenchou\x\bin\xdb.lib
F:\willenchou\x\bin\xdb.exp
F:\willenchou\x\src\plugin\xdb\Debug\xdb.vcxprojResolveAssemblyReference.cache
F:\willenchou\x\src\plugin\xdb\Debug\connmysqlppadapter.obj
F:\willenchou\x\src\plugin\xdb\Debug\connpool.obj
F:\willenchou\x\src\plugin\xdb\Debug\datasource.obj
F:\willenchou\x\src\plugin\xdb\Debug\datasourceloader.obj
F:\willenchou\x\src\plugin\xdb\Debug\statementmysqladapter.obj
F:\willenchou\x\src\plugin\xdb\Debug\xdb.obj
F:\willenchou\x\src\plugin\xdb\Debug\xdb_impl.obj
F:\willenchou\x\src\plugin\xdb\Debug\link.read.1.tlog
F:\willenchou\x\src\plugin\xdb\Debug\CL.read.1.tlog
F:\willenchou\x\src\plugin\xdb\Debug\CL.write.1.tlog
F:\willenchou\x\src\plugin\xdb\Debug\cl.command.1.tlog
F:\willenchou\x\src\plugin\xdb\Debug\link-rc.read.1.tlog
F:\willenchou\x\src\plugin\xdb\Debug\link-rc.write.1.tlog
F:\willenchou\x\src\plugin\xdb\Debug\link-cvtres.read.1.tlog
F:\willenchou\x\src\plugin\xdb\Debug\link-cvtres.write.1.tlog
F:\willenchou\x\src\plugin\xdb\Debug\link.write.1.tlog
F:\willenchou\x\src\plugin\xdb\Debug\link.command.1.tlog
F:\willenchou\x\src\plugin\xdb\Debug\xdb.write.1.tlog
F:\willenchou\x\src\plugin\xdb\Debug\vc110.idb
F:\willenchou\x\src\plugin\xdb\Debug\vc110.pdb
F:\willenchou\x\src\../bin\xdb.pdb
F:\willenchou\x\src\../bin\xdb.dll
F:\willenchou\x\src\../bin\xdb.ilk
