F:\WILLENCHOU\X\SRC\PLUGIN\XLOG\DEBUG\XLOG.OBJ
F:\WILLENCHOU\X\SRC\PLUGIN\XLOG\DEBUG\VC110.PDB
F:\WILLENCHOU\X\BIN\XLOG.ILK
F:\WILLENCHOU\X\BIN\XLOG.DLL
F:\WILLENCHOU\X\BIN\XLOG.PDB
F:\willenchou\x\bin\xlog.lib
F:\willenchou\x\bin\xlog.exp
F:\willenchou\x\src\plugin\xlog\Debug\xlog.obj
F:\willenchou\x\src\plugin\xlog\Debug\CL.read.1.tlog
F:\willenchou\x\src\plugin\xlog\Debug\CL.write.1.tlog
F:\willenchou\x\src\plugin\xlog\Debug\cl.command.1.tlog
F:\willenchou\x\src\plugin\xlog\Debug\link-rc.read.1.tlog
F:\willenchou\x\src\plugin\xlog\Debug\link-rc.write.1.tlog
F:\willenchou\x\src\plugin\xlog\Debug\link-cvtres.read.1.tlog
F:\willenchou\x\src\plugin\xlog\Debug\link-cvtres.write.1.tlog
F:\willenchou\x\src\plugin\xlog\Debug\link.read.1.tlog
F:\willenchou\x\src\plugin\xlog\Debug\link.write.1.tlog
F:\willenchou\x\src\plugin\xlog\Debug\link.command.1.tlog
F:\willenchou\x\src\plugin\xlog\Debug\xlog.write.1.tlog
F:\willenchou\x\src\plugin\xlog\Debug\link.15880-rc.read.1.tlog
F:\willenchou\x\src\plugin\xlog\Debug\link.15880-rc.write.1.tlog
F:\willenchou\x\src\plugin\xlog\Debug\link.15880-cvtres.read.1.tlog
F:\willenchou\x\src\plugin\xlog\Debug\link.15880-cvtres.write.1.tlog
F:\willenchou\x\src\plugin\xlog\Debug\link.15880.read.1.tlog
F:\willenchou\x\src\plugin\xlog\Debug\link.15880.write.1.tlog
F:\willenchou\x\src\plugin\xlog\Debug\link.23964-rc.read.1.tlog
F:\willenchou\x\src\plugin\xlog\Debug\link.23964-rc.write.1.tlog
F:\willenchou\x\src\plugin\xlog\Debug\link.23964-cvtres.read.1.tlog
F:\willenchou\x\src\plugin\xlog\Debug\link.23964-cvtres.write.1.tlog
F:\willenchou\x\src\plugin\xlog\Debug\link.23964.read.1.tlog
F:\willenchou\x\src\plugin\xlog\Debug\link.23964.write.1.tlog
F:\willenchou\x\src\plugin\xlog\Debug\vc110.idb
F:\willenchou\x\src\plugin\xlog\Debug\vc110.pdb
F:\willenchou\x\src\../bin\xlog.pdb
F:\willenchou\x\src\../bin\xlog.dll
F:\willenchou\x\src\../bin\xlog.ilk
