F:\WILLENCHOU\X\SRC\PLUGIN\XPIPE\DEBUG\XPIPE.OBJ
F:\WILLENCHOU\X\SRC\PLUGIN\XPIPE\DEBUG\VC110.PDB
F:\WILLENCHOU\X\BIN\XPIPE.ILK
F:\WILLENCHOU\X\BIN\XPIPE.DLL
F:\WILLENCHOU\X\BIN\XPIPE.PDB
F:\willenchou\x\bin\xpipe.lib
F:\willenchou\x\bin\xpipe.exp
F:\willenchou\x\src\plugin\xpipe\Debug\xpipe.obj
F:\willenchou\x\src\plugin\xpipe\Debug\CL.read.1.tlog
F:\willenchou\x\src\plugin\xpipe\Debug\CL.write.1.tlog
F:\willenchou\x\src\plugin\xpipe\Debug\cl.command.1.tlog
F:\willenchou\x\src\plugin\xpipe\Debug\link-rc.read.1.tlog
F:\willenchou\x\src\plugin\xpipe\Debug\link-rc.write.1.tlog
F:\willenchou\x\src\plugin\xpipe\Debug\link-cvtres.read.1.tlog
F:\willenchou\x\src\plugin\xpipe\Debug\link-cvtres.write.1.tlog
F:\willenchou\x\src\plugin\xpipe\Debug\link.read.1.tlog
F:\willenchou\x\src\plugin\xpipe\Debug\link.write.1.tlog
F:\willenchou\x\src\plugin\xpipe\Debug\link.command.1.tlog
F:\willenchou\x\src\plugin\xpipe\Debug\xpipe.write.1.tlog
F:\willenchou\x\src\plugin\xpipe\Debug\link.14480-rc.read.1.tlog
F:\willenchou\x\src\plugin\xpipe\Debug\link.14480-rc.write.1.tlog
F:\willenchou\x\src\plugin\xpipe\Debug\link.14480-cvtres.read.1.tlog
F:\willenchou\x\src\plugin\xpipe\Debug\link.14480-cvtres.write.1.tlog
F:\willenchou\x\src\plugin\xpipe\Debug\link.14480.read.1.tlog
F:\willenchou\x\src\plugin\xpipe\Debug\link.14480.write.1.tlog
F:\willenchou\x\src\plugin\xpipe\Debug\link.23936-rc.read.1.tlog
F:\willenchou\x\src\plugin\xpipe\Debug\link.23936-rc.write.1.tlog
F:\willenchou\x\src\plugin\xpipe\Debug\link.23936-cvtres.read.1.tlog
F:\willenchou\x\src\plugin\xpipe\Debug\link.23936-cvtres.write.1.tlog
F:\willenchou\x\src\plugin\xpipe\Debug\link.23936.read.1.tlog
F:\willenchou\x\src\plugin\xpipe\Debug\link.23936.write.1.tlog
F:\willenchou\x\src\plugin\xpipe\Debug\vc110.idb
F:\willenchou\x\src\plugin\xpipe\Debug\vc110.pdb
F:\willenchou\x\src\../bin\xpipe.pdb
F:\willenchou\x\src\../bin\xpipe.dll
F:\willenchou\x\src\../bin\xpipe.ilk
