F:\WILLENCHOU\X\SRC\PLUGIN\XROUTE\DEBUG\XROUTE.OBJ
F:\WILLENCHOU\X\SRC\PLUGIN\XROUTE\DEBUG\VC110.PDB
F:\WILLENCHOU\X\BIN\XROUTE.ILK
F:\WILLENCHOU\X\BIN\XROUTE.DLL
F:\WILLENCHOU\X\BIN\XROUTE.PDB
F:\willenchou\x\bin\xroute.lib
F:\willenchou\x\bin\xroute.exp
F:\willenchou\x\src\plugin\xroute\Debug\xroute.obj
F:\willenchou\x\src\plugin\xroute\Debug\CL.read.1.tlog
F:\willenchou\x\src\plugin\xroute\Debug\CL.write.1.tlog
F:\willenchou\x\src\plugin\xroute\Debug\cl.command.1.tlog
F:\willenchou\x\src\plugin\xroute\Debug\link-rc.read.1.tlog
F:\willenchou\x\src\plugin\xroute\Debug\link-rc.write.1.tlog
F:\willenchou\x\src\plugin\xroute\Debug\link-cvtres.read.1.tlog
F:\willenchou\x\src\plugin\xroute\Debug\link-cvtres.write.1.tlog
F:\willenchou\x\src\plugin\xroute\Debug\link.read.1.tlog
F:\willenchou\x\src\plugin\xroute\Debug\link.write.1.tlog
F:\willenchou\x\src\plugin\xroute\Debug\link.command.1.tlog
F:\willenchou\x\src\plugin\xroute\Debug\xroute.write.1.tlog
F:\willenchou\x\src\plugin\xroute\Debug\link.12744-rc.read.1.tlog
F:\willenchou\x\src\plugin\xroute\Debug\link.12744-rc.write.1.tlog
F:\willenchou\x\src\plugin\xroute\Debug\link.12744-cvtres.read.1.tlog
F:\willenchou\x\src\plugin\xroute\Debug\link.12744-cvtres.write.1.tlog
F:\willenchou\x\src\plugin\xroute\Debug\link.12744.read.1.tlog
F:\willenchou\x\src\plugin\xroute\Debug\link.12744.write.1.tlog
F:\willenchou\x\src\plugin\xroute\Debug\link.24428-rc.read.1.tlog
F:\willenchou\x\src\plugin\xroute\Debug\link.24428-rc.write.1.tlog
F:\willenchou\x\src\plugin\xroute\Debug\link.24428-cvtres.read.1.tlog
F:\willenchou\x\src\plugin\xroute\Debug\link.24428-cvtres.write.1.tlog
F:\willenchou\x\src\plugin\xroute\Debug\link.24428.read.1.tlog
F:\willenchou\x\src\plugin\xroute\Debug\link.24428.write.1.tlog
F:\willenchou\x\src\plugin\xroute\Debug\vc110.idb
F:\willenchou\x\src\plugin\xroute\Debug\vc110.pdb
F:\willenchou\x\src\../bin\xroute.pdb
F:\willenchou\x\src\../bin\xroute.dll
F:\willenchou\x\src\../bin\xroute.ilk
