F:\WILLENCHOU\X\SRC\PLUGIN\XBUSINESS\DEBUG\BUSINESS_COMPONENT.OBJ
F:\WILLENCHOU\X\SRC\PLUGIN\XBUSINESS\DEBUG\VC110.PDB
F:\WILLENCHOU\X\SRC\PLUGIN\XBUSINESS\DEBUG\BUSINESS_CONTEXT.OBJ
F:\WILLENCHOU\X\SRC\PLUGIN\XBUSINESS\DEBUG\WORK_THREAD.OBJ
F:\WILLENCHOU\X\SRC\PLUGIN\XBUSINESS\DEBUG\XBUSINESS.OBJ
F:\WILLENCHOU\X\BIN\XBUSINESS.ILK
F:\WILLENCHOU\X\BIN\XBUSINESS.DLL
F:\WILLENCHOU\X\BIN\XBUSINESS.PDB
F:\willenchou\x\bin\xbusiness.lib
F:\willenchou\x\bin\xbusiness.exp
F:\willenchou\x\src\plugin\xbusiness\Debug\business_component.obj
F:\willenchou\x\src\plugin\xbusiness\Debug\business_context.obj
F:\willenchou\x\src\plugin\xbusiness\Debug\work_thread.obj
F:\willenchou\x\src\plugin\xbusiness\Debug\xbusiness.obj
F:\willenchou\x\src\plugin\xbusiness\Debug\CL.read.1.tlog
F:\willenchou\x\src\plugin\xbusiness\Debug\CL.write.1.tlog
F:\willenchou\x\src\plugin\xbusiness\Debug\cl.command.1.tlog
F:\willenchou\x\src\plugin\xbusiness\Debug\link-rc.read.1.tlog
F:\willenchou\x\src\plugin\xbusiness\Debug\link-rc.write.1.tlog
F:\willenchou\x\src\plugin\xbusiness\Debug\link-cvtres.read.1.tlog
F:\willenchou\x\src\plugin\xbusiness\Debug\link-cvtres.write.1.tlog
F:\willenchou\x\src\plugin\xbusiness\Debug\link.read.1.tlog
F:\willenchou\x\src\plugin\xbusiness\Debug\link.write.1.tlog
F:\willenchou\x\src\plugin\xbusiness\Debug\link.command.1.tlog
F:\willenchou\x\src\plugin\xbusiness\Debug\xbusiness.write.1.tlog
F:\willenchou\x\src\plugin\xbusiness\Debug\link.23108-rc.read.1.tlog
F:\willenchou\x\src\plugin\xbusiness\Debug\link.23108-rc.write.1.tlog
F:\willenchou\x\src\plugin\xbusiness\Debug\link.23108-cvtres.read.1.tlog
F:\willenchou\x\src\plugin\xbusiness\Debug\link.23108-cvtres.write.1.tlog
F:\willenchou\x\src\plugin\xbusiness\Debug\link.23108.read.1.tlog
F:\willenchou\x\src\plugin\xbusiness\Debug\link.23108.write.1.tlog
F:\willenchou\x\src\plugin\xbusiness\Debug\vc110.idb
F:\willenchou\x\src\plugin\xbusiness\Debug\vc110.pdb
F:\willenchou\x\src\../bin\xbusiness.pdb
F:\willenchou\x\src\../bin\xbusiness.dll
F:\willenchou\x\src\../bin\xbusiness.ilk
