F:\WILLENCHOU\X\SRC\XCLIENT\DEBUG\CLIENT.OBJ
F:\WILLENCHOU\X\SRC\XCLIENT\DEBUG\MAIN.OBJ
F:\WILLENCHOU\X\SRC\XCLIENT\DEBUG\VC110.PDB
F:\WILLENCHOU\X\BIN\XCLIENT.ILK
F:\WILLENCHOU\X\BIN\XCLIENT.EXE
F:\WILLENCHOU\X\BIN\XCLIENT.PDB
F:\willenchou\x\src\xclient\Debug\client.obj
F:\willenchou\x\src\xclient\Debug\main.obj
F:\willenchou\x\src\xclient\Debug\CL.read.1.tlog
F:\willenchou\x\src\xclient\Debug\CL.write.1.tlog
F:\willenchou\x\src\xclient\Debug\cl.command.1.tlog
F:\willenchou\x\src\xclient\Debug\link-rc.read.1.tlog
F:\willenchou\x\src\xclient\Debug\link-rc.write.1.tlog
F:\willenchou\x\src\xclient\Debug\link-cvtres.read.1.tlog
F:\willenchou\x\src\xclient\Debug\link-cvtres.write.1.tlog
F:\willenchou\x\src\xclient\Debug\link.read.1.tlog
F:\willenchou\x\src\xclient\Debug\link.write.1.tlog
F:\willenchou\x\src\xclient\Debug\link.command.1.tlog
F:\willenchou\x\src\xclient\Debug\link.7048-rc.read.1.tlog
F:\willenchou\x\src\xclient\Debug\link.7048-rc.write.1.tlog
F:\willenchou\x\src\xclient\Debug\link.7048-cvtres.read.1.tlog
F:\willenchou\x\src\xclient\Debug\link.7048-cvtres.write.1.tlog
F:\willenchou\x\src\xclient\Debug\link.7048.read.1.tlog
F:\willenchou\x\src\xclient\Debug\link.7048.write.1.tlog
F:\willenchou\x\src\xclient\Debug\link.15628-rc.read.1.tlog
F:\willenchou\x\src\xclient\Debug\link.15628-rc.write.1.tlog
F:\willenchou\x\src\xclient\Debug\link.15628-cvtres.read.1.tlog
F:\willenchou\x\src\xclient\Debug\link.15628-cvtres.write.1.tlog
F:\willenchou\x\src\xclient\Debug\link.15628.read.1.tlog
F:\willenchou\x\src\xclient\Debug\link.15628.write.1.tlog
F:\willenchou\x\src\xclient\Debug\link.22932-rc.read.1.tlog
F:\willenchou\x\src\xclient\Debug\link.22932-rc.write.1.tlog
F:\willenchou\x\src\xclient\Debug\link.22932-cvtres.read.1.tlog
F:\willenchou\x\src\xclient\Debug\link.22932-cvtres.write.1.tlog
F:\willenchou\x\src\xclient\Debug\link.22932.read.1.tlog
F:\willenchou\x\src\xclient\Debug\link.22932.write.1.tlog
F:\willenchou\x\src\xclient\Debug\vc110.idb
F:\willenchou\x\src\xclient\Debug\vc110.pdb
F:\willenchou\x\src\..\bin\xclient.pdb
F:\willenchou\x\src\..\bin\xclient.exe
F:\willenchou\x\src\..\bin\xclient.ilk
