F:\WILLENCHOU\X\SRC\PLUGIN\XCONNECTION\DEBUG\CONNECTION.OBJ
F:\WILLENCHOU\X\SRC\PLUGIN\XCONNECTION\DEBUG\EVENT_DISPATCH.OBJ
F:\WILLENCHOU\X\SRC\PLUGIN\XCONNECTION\DEBUG\MESSAGE.OBJ
F:\WILLENCHOU\X\SRC\PLUGIN\XCONNECTION\DEBUG\NETWORK_CONFIG.OBJ
F:\WILLENCHOU\X\SRC\PLUGIN\XCONNECTION\DEBUG\PACK.OBJ
F:\WILLENCHOU\X\SRC\PLUGIN\XCONNECTION\DEBUG\SOCKET.OBJ
F:\WILLENCHOU\X\SRC\PLUGIN\XCONNECTION\DEBUG\XCONNECTION.OBJ
F:\WILLENCHOU\X\SRC\PLUGIN\XCONNECTION\DEBUG\XCONNECTION_IMPL.OBJ
F:\WILLENCHOU\X\SRC\PLUGIN\XCONNECTION\DEBUG\XCONNECTION_SDK.OBJ
F:\WILLENCHOU\X\SRC\PLUGIN\XCONNECTION\DEBUG\XMESSAGE_IMPL.OBJ
F:\WILLENCHOU\X\SRC\PLUGIN\XCONNECTION\DEBUG\VC110.PDB
F:\WILLENCHOU\X\BIN\XCONNECTION.ILK
F:\WILLENCHOU\X\BIN\XCONNECTION.DLL
F:\WILLENCHOU\X\BIN\XCONNECTION.PDB
F:\willenchou\x\bin\xconnection.lib
F:\willenchou\x\bin\xconnection.exp
F:\willenchou\x\src\plugin\xconnection\Debug\xconnection.vcxprojResolveAssemblyReference.cache
F:\willenchou\x\src\plugin\xconnection\Debug\connection.obj
F:\willenchou\x\src\plugin\xconnection\Debug\event_dispatch.obj
F:\willenchou\x\src\plugin\xconnection\Debug\message.obj
F:\willenchou\x\src\plugin\xconnection\Debug\network_config.obj
F:\willenchou\x\src\plugin\xconnection\Debug\pack.obj
F:\willenchou\x\src\plugin\xconnection\Debug\socket.obj
F:\willenchou\x\src\plugin\xconnection\Debug\xconnection.obj
F:\willenchou\x\src\plugin\xconnection\Debug\xconnection_impl.obj
F:\willenchou\x\src\plugin\xconnection\Debug\xconnection_sdk.obj
F:\willenchou\x\src\plugin\xconnection\Debug\xmessage_impl.obj
F:\willenchou\x\src\plugin\xconnection\Debug\CL.read.1.tlog
F:\willenchou\x\src\plugin\xconnection\Debug\CL.write.1.tlog
F:\willenchou\x\src\plugin\xconnection\Debug\cl.command.1.tlog
F:\willenchou\x\src\plugin\xconnection\Debug\link-rc.read.1.tlog
F:\willenchou\x\src\plugin\xconnection\Debug\link-rc.write.1.tlog
F:\willenchou\x\src\plugin\xconnection\Debug\link-cvtres.read.1.tlog
F:\willenchou\x\src\plugin\xconnection\Debug\link-cvtres.write.1.tlog
F:\willenchou\x\src\plugin\xconnection\Debug\link.read.1.tlog
F:\willenchou\x\src\plugin\xconnection\Debug\link.write.1.tlog
F:\willenchou\x\src\plugin\xconnection\Debug\link.command.1.tlog
F:\willenchou\x\src\plugin\xconnection\Debug\xconnection.write.1.tlog
F:\willenchou\x\src\plugin\xconnection\Debug\link.2956-rc.read.1.tlog
F:\willenchou\x\src\plugin\xconnection\Debug\link.2956-rc.write.1.tlog
F:\willenchou\x\src\plugin\xconnection\Debug\link.2956-cvtres.read.1.tlog
F:\willenchou\x\src\plugin\xconnection\Debug\link.2956-cvtres.write.1.tlog
F:\willenchou\x\src\plugin\xconnection\Debug\link.2956.read.1.tlog
F:\willenchou\x\src\plugin\xconnection\Debug\link.2956.write.1.tlog
F:\willenchou\x\src\plugin\xconnection\Debug\link.24208-rc.read.1.tlog
F:\willenchou\x\src\plugin\xconnection\Debug\link.24208-rc.write.1.tlog
F:\willenchou\x\src\plugin\xconnection\Debug\link.24208-cvtres.read.1.tlog
F:\willenchou\x\src\plugin\xconnection\Debug\link.24208-cvtres.write.1.tlog
F:\willenchou\x\src\plugin\xconnection\Debug\link.24208.read.1.tlog
F:\willenchou\x\src\plugin\xconnection\Debug\link.24208.write.1.tlog
F:\willenchou\x\src\plugin\xconnection\Debug\vc110.idb
F:\willenchou\x\src\plugin\xconnection\Debug\vc110.pdb
F:\willenchou\x\src\../bin\xconnection.pdb
F:\willenchou\x\src\../bin\xconnection.dll
F:\willenchou\x\src\../bin\xconnection.ilk
