F:\WILLENCHOU\X\SRC\PLUGIN\XLINK\DEBUG\ACCEPTOR.OBJ
F:\WILLENCHOU\X\SRC\PLUGIN\XLINK\DEBUG\CHANNEL.OBJ
F:\WILLENCHOU\X\SRC\PLUGIN\XLINK\DEBUG\CONNECTION.OBJ
F:\WILLENCHOU\X\SRC\PLUGIN\XLINK\DEBUG\CONNECTOR.OBJ
F:\WILLENCHOU\X\SRC\PLUGIN\XLINK\DEBUG\EPOLL.OBJ
F:\WILLENCHOU\X\SRC\PLUGIN\XLINK\DEBUG\EVENTTHREAD.OBJ
F:\WILLENCHOU\X\SRC\PLUGIN\XLINK\DEBUG\EVENTTHREADPOOL.OBJ
F:\WILLENCHOU\X\SRC\PLUGIN\XLINK\DEBUG\EVENT_DISPATCH.OBJ
F:\WILLENCHOU\X\SRC\PLUGIN\XLINK\DEBUG\KQUEUE.OBJ
F:\WILLENCHOU\X\SRC\PLUGIN\XLINK\DEBUG\LINKCLIENT.OBJ
F:\WILLENCHOU\X\SRC\PLUGIN\XLINK\DEBUG\LINKFACTORY.OBJ
F:\WILLENCHOU\X\SRC\PLUGIN\XLINK\DEBUG\LINKSERVER.OBJ
F:\WILLENCHOU\X\SRC\PLUGIN\XLINK\DEBUG\MESSAGE.OBJ
F:\WILLENCHOU\X\SRC\PLUGIN\XLINK\DEBUG\MULTIPLEXINGFACTORY.OBJ
F:\WILLENCHOU\X\SRC\PLUGIN\XLINK\DEBUG\PACK.OBJ
F:\WILLENCHOU\X\SRC\PLUGIN\XLINK\DEBUG\SELECT.OBJ
F:\WILLENCHOU\X\SRC\PLUGIN\XLINK\DEBUG\SOCKET.OBJ
F:\WILLENCHOU\X\SRC\PLUGIN\XLINK\DEBUG\VC110.PDB
F:\WILLENCHOU\X\BIN\XLINK.ILK
F:\WILLENCHOU\X\BIN\XLINK.DLL
F:\WILLENCHOU\X\BIN\XLINK.PDB
F:\willenchou\x\bin\xlink.lib
F:\willenchou\x\bin\xlink.exp
F:\willenchou\x\src\plugin\xlink\Debug\xlink.vcxprojResolveAssemblyReference.cache
F:\willenchou\x\src\plugin\xlink\Debug\acceptor.obj
F:\willenchou\x\src\plugin\xlink\Debug\channel.obj
F:\willenchou\x\src\plugin\xlink\Debug\connection.obj
F:\willenchou\x\src\plugin\xlink\Debug\connector.obj
F:\willenchou\x\src\plugin\xlink\Debug\epoll.obj
F:\willenchou\x\src\plugin\xlink\Debug\eventthread.obj
F:\willenchou\x\src\plugin\xlink\Debug\eventthreadpool.obj
F:\willenchou\x\src\plugin\xlink\Debug\event_dispatch.obj
F:\willenchou\x\src\plugin\xlink\Debug\kqueue.obj
F:\willenchou\x\src\plugin\xlink\Debug\message.obj
F:\willenchou\x\src\plugin\xlink\Debug\multiplexingfactory.obj
F:\willenchou\x\src\plugin\xlink\Debug\pack.obj
F:\willenchou\x\src\plugin\xlink\Debug\select.obj
F:\willenchou\x\src\plugin\xlink\Debug\socket.obj
F:\willenchou\x\src\plugin\xlink\Debug\CL.read.1.tlog
F:\willenchou\x\src\plugin\xlink\Debug\CL.write.1.tlog
F:\willenchou\x\src\plugin\xlink\Debug\cl.command.1.tlog
F:\willenchou\x\src\plugin\xlink\Debug\link-rc.read.1.tlog
F:\willenchou\x\src\plugin\xlink\Debug\link-rc.write.1.tlog
F:\willenchou\x\src\plugin\xlink\Debug\link-cvtres.read.1.tlog
F:\willenchou\x\src\plugin\xlink\Debug\link-cvtres.write.1.tlog
F:\willenchou\x\src\plugin\xlink\Debug\link.read.1.tlog
F:\willenchou\x\src\plugin\xlink\Debug\link.write.1.tlog
F:\willenchou\x\src\plugin\xlink\Debug\link.command.1.tlog
F:\willenchou\x\src\plugin\xlink\Debug\xlink.write.1.tlog
F:\willenchou\x\src\plugin\xlink\Debug\vc110.idb
F:\willenchou\x\src\plugin\xlink\Debug\vc110.pdb
F:\willenchou\x\src\../bin\xlink.pdb
F:\willenchou\x\src\../bin\xlink.dll
F:\willenchou\x\src\../bin\xlink.ilk
