F:\WILLENCHOU\X\SRC\XSERVER\DEBUG\ARGS.OBJ
F:\WILLENCHOU\X\SRC\XSERVER\DEBUG\CONTAINER.OBJ
F:\WILLENCHOU\X\SRC\XSERVER\DEBUG\MAIN.OBJ
F:\WILLENCHOU\X\SRC\XSERVER\DEBUG\PLUGIN.OBJ
F:\WILLENCHOU\X\SRC\XSERVER\DEBUG\SERVER.OBJ
F:\WILLENCHOU\X\SRC\XSERVER\DEBUG\VC110.PDB
F:\WILLENCHOU\X\BIN\X.ILK
F:\WILLENCHOU\X\BIN\X.EXE
F:\WILLENCHOU\X\BIN\XSERVER.PDB
F:\willenchou\x\src\xserver\Debug\args.obj
F:\willenchou\x\src\xserver\Debug\container.obj
F:\willenchou\x\src\xserver\Debug\main.obj
F:\willenchou\x\src\xserver\Debug\plugin.obj
F:\willenchou\x\src\xserver\Debug\server.obj
F:\willenchou\x\src\xserver\Debug\CL.read.1.tlog
F:\willenchou\x\src\xserver\Debug\CL.write.1.tlog
F:\willenchou\x\src\xserver\Debug\cl.command.1.tlog
F:\willenchou\x\src\xserver\Debug\link-rc.read.1.tlog
F:\willenchou\x\src\xserver\Debug\link-rc.write.1.tlog
F:\willenchou\x\src\xserver\Debug\link-cvtres.read.1.tlog
F:\willenchou\x\src\xserver\Debug\link-cvtres.write.1.tlog
F:\willenchou\x\src\xserver\Debug\link.read.1.tlog
F:\willenchou\x\src\xserver\Debug\link.write.1.tlog
F:\willenchou\x\src\xserver\Debug\link.command.1.tlog
F:\willenchou\x\src\xserver\Debug\link.15092-rc.read.1.tlog
F:\willenchou\x\src\xserver\Debug\link.15092-rc.write.1.tlog
F:\willenchou\x\src\xserver\Debug\link.15092-cvtres.read.1.tlog
F:\willenchou\x\src\xserver\Debug\link.15092-cvtres.write.1.tlog
F:\willenchou\x\src\xserver\Debug\link.15092.read.1.tlog
F:\willenchou\x\src\xserver\Debug\link.15092.write.1.tlog
F:\willenchou\x\src\xserver\Debug\link.24420-rc.read.1.tlog
F:\willenchou\x\src\xserver\Debug\link.24420-rc.write.1.tlog
F:\willenchou\x\src\xserver\Debug\link.24420-cvtres.read.1.tlog
F:\willenchou\x\src\xserver\Debug\link.24420-cvtres.write.1.tlog
F:\willenchou\x\src\xserver\Debug\link.24420.read.1.tlog
F:\willenchou\x\src\xserver\Debug\link.24420.write.1.tlog
F:\willenchou\x\src\xserver\Debug\link.24092-rc.read.1.tlog
F:\willenchou\x\src\xserver\Debug\link.24092-rc.write.1.tlog
F:\willenchou\x\src\xserver\Debug\link.24092-cvtres.read.1.tlog
F:\willenchou\x\src\xserver\Debug\link.24092-cvtres.write.1.tlog
F:\willenchou\x\src\xserver\Debug\link.24092.read.1.tlog
F:\willenchou\x\src\xserver\Debug\link.24092.write.1.tlog
F:\willenchou\x\src\xserver\Debug\link.18920-rc.read.1.tlog
F:\willenchou\x\src\xserver\Debug\link.18920-rc.write.1.tlog
F:\willenchou\x\src\xserver\Debug\link.18920-cvtres.read.1.tlog
F:\willenchou\x\src\xserver\Debug\link.18920-cvtres.write.1.tlog
F:\willenchou\x\src\xserver\Debug\link.18920.read.1.tlog
F:\willenchou\x\src\xserver\Debug\link.18920.write.1.tlog
F:\willenchou\x\src\xserver\Debug\vc110.idb
F:\willenchou\x\src\xserver\Debug\vc110.pdb
F:\willenchou\x\src\../bin\xserver.pdb
